<?xml version="1.0" encoding="UTF-8"?>
<testsuites name="TS - Multiple Browser n Profile - Copy" time="12.57" tests="1" failures="0" skips="0" errors="1">
   <testsuite name="TS - Multiple Browser n Profile - Copy" tests="1" failures="0" errors="1" time="12.57" skips="0" timestamp="2021-03-03 15:26:10" hostname="ngochuynh - 192.168.37.115" id="Test Suites/TS - Multiple Browser n Profile - Copy">
      <properties>
         <property name="deviceName" value=""/>
         <property name="devicePlatform" value=""/>
         <property name="logFolder" value="/Users/ngochuynh/Desktop/1. Procurement Process/1. Emma - Demo/EMMA-DEMO/Reports/20210303_152559/TS - Multiple Browser n Profile - Copy/20210303_152602"/>
         <property name="logFiles" value="/Users/ngochuynh/Desktop/1. Procurement Process/1. Emma - Demo/EMMA-DEMO/Reports/20210303_152559/TS - Multiple Browser n Profile - Copy/20210303_152602/execution0.log"/>
         <property name="attachments" value=""/>
         <property name="hostName" value="ngochuynh - 192.168.37.115"/>
         <property name="os" value="Mac OS X 64bit"/>
         <property name="katalonVersion" value="7.9.1.208"/>
         <property name="browser" value="Chrome 74.0.3729.108"/>
         <property name="hostAddress" value="192.168.37.115"/>
         <property name="sessionId" value="ec4dd2f0b0ab926544cad2ee53c93a3a"/>
         <property name="seleniumVersion" value="3.141.59"/>
         <property name="proxyInformation" value="ProxyInformation { proxyOption=NO_PROXY, proxyServerType=HTTP, username=, password=********, proxyServerAddress=, proxyServerPort=0, executionList=&quot;&quot;, isApplyToDesiredCapabilities=true }"/>
         <property name="platform" value="Mac OS X"/>
      </properties>
      <testcase name="Test Cases/TC2 - Login - Continue Record" time="10.307" classname="Test Cases/TC2 - Login - Continue Record" status="ERROR">
         <error type="ERROR" message="Test Cases/TC2 - Login - Continue Record FAILED.
Reason:
groovy.lang.MissingPropertyException: No such property: null for class: internal.GlobalVariable
	at TC2 - Login - Continue Record.run(TC2 - Login - Continue Record:22)
	at com.kms.katalon.core.main.ScriptEngine.run(ScriptEngine.java:194)
	at com.kms.katalon.core.main.ScriptEngine.runScriptAsRawText(ScriptEngine.java:119)
	at com.kms.katalon.core.main.TestCaseExecutor.runScript(TestCaseExecutor.java:398)
	at com.kms.katalon.core.main.TestCaseExecutor.doExecute(TestCaseExecutor.java:389)
	at com.kms.katalon.core.main.TestCaseExecutor.processExecutionPhase(TestCaseExecutor.java:368)
	at com.kms.katalon.core.main.TestCaseExecutor.accessMainPhase(TestCaseExecutor.java:360)
	at com.kms.katalon.core.main.TestCaseExecutor.execute(TestCaseExecutor.java:255)
	at com.kms.katalon.core.main.TestSuiteExecutor.accessTestCaseMainPhase(TestSuiteExecutor.java:203)
	at com.kms.katalon.core.main.TestSuiteExecutor.accessTestSuiteMainPhase(TestSuiteExecutor.java:152)
	at com.kms.katalon.core.main.TestSuiteExecutor.execute(TestSuiteExecutor.java:95)
	at com.kms.katalon.core.main.TestCaseMain.startTestSuite(TestCaseMain.java:157)
	at com.kms.katalon.core.main.TestCaseMain$startTestSuite$0.call(Unknown Source)
	at TempTestSuite1614759962314.run(TempTestSuite1614759962314.groovy:39)
"/>
         <system-out><![CDATA[2021-03-03 15:26:12 - [TEST_CASE][ERROR] - Test Cases/TC2 - Login - Continue Record: Test Cases/TC2 - Login - Continue Record FAILED.
Reason:
groovy.lang.MissingPropertyException: No such property: null for class: internal.GlobalVariable
	at TC2 - Login - Continue Record.run(TC2 - Login - Continue Record:22)
	at com.kms.katalon.core.main.ScriptEngine.run(ScriptEngine.java:194)
	at com.kms.katalon.core.main.ScriptEngine.runScriptAsRawText(ScriptEngine.java:119)
	at com.kms.katalon.core.main.TestCaseExecutor.runScript(TestCaseExecutor.java:398)
	at com.kms.katalon.core.main.TestCaseExecutor.doExecute(TestCaseExecutor.java:389)
	at com.kms.katalon.core.main.TestCaseExecutor.processExecutionPhase(TestCaseExecutor.java:368)
	at com.kms.katalon.core.main.TestCaseExecutor.accessMainPhase(TestCaseExecutor.java:360)
	at com.kms.katalon.core.main.TestCaseExecutor.execute(TestCaseExecutor.java:255)
	at com.kms.katalon.core.main.TestSuiteExecutor.accessTestCaseMainPhase(TestSuiteExecutor.java:203)
	at com.kms.katalon.core.main.TestSuiteExecutor.accessTestSuiteMainPhase(TestSuiteExecutor.java:152)
	at com.kms.katalon.core.main.TestSuiteExecutor.execute(TestSuiteExecutor.java:95)
	at com.kms.katalon.core.main.TestCaseMain.startTestSuite(TestCaseMain.java:157)
	at com.kms.katalon.core.main.TestCaseMain$startTestSuite$0.call(Unknown Source)
	at TempTestSuite1614759962314.run(TempTestSuite1614759962314.groovy:39)


2021-03-03 15:26:13 - [TEST_STEP][PASSED] - openBrowser(""): Browser is opened with url: ''

2021-03-03 15:26:14 - [MESSAGE][INFO] - Starting 'Chrome' driver

2021-03-03 15:26:15 - [MESSAGE][INFO] - Action delay is set to 0 milliseconds

2021-03-03 15:26:22 - [MESSAGE][WARNING] - FFmpeg was not installed! Browser Recording will be disabled. Please follow this document to install FFmpeg first: https://docs.katalon.com/katalon-studio/docs/screenshots-videos.html#browser-based-recorder

2021-03-03 15:26:22 - [MESSAGE][PASSED] - Browser is opened with url: ''

2021-03-03 15:26:22 - [TEST_STEP][PASSED] - navigateToUrl(null): null]]></system-out>
         <system-err><![CDATA[2021-03-03 15:26:12 - [TEST_CASE][ERROR] - Test Cases/TC2 - Login - Continue Record: Test Cases/TC2 - Login - Continue Record FAILED.
Reason:
groovy.lang.MissingPropertyException: No such property: null for class: internal.GlobalVariable
	at TC2 - Login - Continue Record.run(TC2 - Login - Continue Record:22)
	at com.kms.katalon.core.main.ScriptEngine.run(ScriptEngine.java:194)
	at com.kms.katalon.core.main.ScriptEngine.runScriptAsRawText(ScriptEngine.java:119)
	at com.kms.katalon.core.main.TestCaseExecutor.runScript(TestCaseExecutor.java:398)
	at com.kms.katalon.core.main.TestCaseExecutor.doExecute(TestCaseExecutor.java:389)
	at com.kms.katalon.core.main.TestCaseExecutor.processExecutionPhase(TestCaseExecutor.java:368)
	at com.kms.katalon.core.main.TestCaseExecutor.accessMainPhase(TestCaseExecutor.java:360)
	at com.kms.katalon.core.main.TestCaseExecutor.execute(TestCaseExecutor.java:255)
	at com.kms.katalon.core.main.TestSuiteExecutor.accessTestCaseMainPhase(TestSuiteExecutor.java:203)
	at com.kms.katalon.core.main.TestSuiteExecutor.accessTestSuiteMainPhase(TestSuiteExecutor.java:152)
	at com.kms.katalon.core.main.TestSuiteExecutor.execute(TestSuiteExecutor.java:95)
	at com.kms.katalon.core.main.TestCaseMain.startTestSuite(TestCaseMain.java:157)
	at com.kms.katalon.core.main.TestCaseMain$startTestSuite$0.call(Unknown Source)
	at TempTestSuite1614759962314.run(TempTestSuite1614759962314.groovy:39)]]></system-err>
      </testcase>
      <system-out><![CDATA[2021-03-03 15:26:10 - [TEST_SUITE][ERROR] - TS - Multiple Browser n Profile - Copy: Test Cases/TC2 - Login - Continue Record FAILED.
Reason:
groovy.lang.MissingPropertyException: No such property: null for class: internal.GlobalVariable
	at TC2 - Login - Continue Record.run(TC2 - Login - Continue Record:22)
	at com.kms.katalon.core.main.ScriptEngine.run(ScriptEngine.java:194)
	at com.kms.katalon.core.main.ScriptEngine.runScriptAsRawText(ScriptEngine.java:119)
	at com.kms.katalon.core.main.TestCaseExecutor.runScript(TestCaseExecutor.java:398)
	at com.kms.katalon.core.main.TestCaseExecutor.doExecute(TestCaseExecutor.java:389)
	at com.kms.katalon.core.main.TestCaseExecutor.processExecutionPhase(TestCaseExecutor.java:368)
	at com.kms.katalon.core.main.TestCaseExecutor.accessMainPhase(TestCaseExecutor.java:360)
	at com.kms.katalon.core.main.TestCaseExecutor.execute(TestCaseExecutor.java:255)
	at com.kms.katalon.core.main.TestSuiteExecutor.accessTestCaseMainPhase(TestSuiteExecutor.java:203)
	at com.kms.katalon.core.main.TestSuiteExecutor.accessTestSuiteMainPhase(TestSuiteExecutor.java:152)
	at com.kms.katalon.core.main.TestSuiteExecutor.execute(TestSuiteExecutor.java:95)
	at com.kms.katalon.core.main.TestCaseMain.startTestSuite(TestCaseMain.java:157)
	at com.kms.katalon.core.main.TestCaseMain$startTestSuite$0.call(Unknown Source)
	at TempTestSuite1614759962314.run(TempTestSuite1614759962314.groovy:39)]]></system-out>
      <system-err><![CDATA[2021-03-03 15:26:10 - [TEST_SUITE][ERROR] - TS - Multiple Browser n Profile - Copy: Test Cases/TC2 - Login - Continue Record FAILED.
Reason:
groovy.lang.MissingPropertyException: No such property: null for class: internal.GlobalVariable
	at TC2 - Login - Continue Record.run(TC2 - Login - Continue Record:22)
	at com.kms.katalon.core.main.ScriptEngine.run(ScriptEngine.java:194)
	at com.kms.katalon.core.main.ScriptEngine.runScriptAsRawText(ScriptEngine.java:119)
	at com.kms.katalon.core.main.TestCaseExecutor.runScript(TestCaseExecutor.java:398)
	at com.kms.katalon.core.main.TestCaseExecutor.doExecute(TestCaseExecutor.java:389)
	at com.kms.katalon.core.main.TestCaseExecutor.processExecutionPhase(TestCaseExecutor.java:368)
	at com.kms.katalon.core.main.TestCaseExecutor.accessMainPhase(TestCaseExecutor.java:360)
	at com.kms.katalon.core.main.TestCaseExecutor.execute(TestCaseExecutor.java:255)
	at com.kms.katalon.core.main.TestSuiteExecutor.accessTestCaseMainPhase(TestSuiteExecutor.java:203)
	at com.kms.katalon.core.main.TestSuiteExecutor.accessTestSuiteMainPhase(TestSuiteExecutor.java:152)
	at com.kms.katalon.core.main.TestSuiteExecutor.execute(TestSuiteExecutor.java:95)
	at com.kms.katalon.core.main.TestCaseMain.startTestSuite(TestCaseMain.java:157)
	at com.kms.katalon.core.main.TestCaseMain$startTestSuite$0.call(Unknown Source)
	at TempTestSuite1614759962314.run(TempTestSuite1614759962314.groovy:39)]]></system-err>
   </testsuite>
</testsuites>
